<?xml version="1.0" encoding="UTF-8"?>
<testsuite xmlns:xsi="http://www.w3.org/2001/XMLSchema-instance" xsi:noNamespaceSchemaLocation="https://maven.apache.org/surefire/maven-surefire-plugin/xsd/surefire-test-report-3.0.xsd" version="3.0" name="TestSuite" time="30.213" tests="12" errors="0" skipped="10" failures="2">
  <properties>
[...]
</properties>
  <testcase name="userBeingAbleToLLogin" classname="com.ebayTest.HomePageValidation" time="21.232">
    <failure message="Unable to locate element: #userid&#10;For documentation on this error, please visit: http://seleniumhq.org/exceptions/no_such_element.html&#10;Build info: version: &apos;3.13.0&apos;, revision: &apos;2f0d292&apos;, time: &apos;2018-06-25T15:24:21.231Z&apos;&#10;System info: host: &apos;LAPTOP-0SRMIB86&apos;, ip: &apos;192.168.72.1&apos;, os.name: &apos;Windows 10&apos;, os.arch: &apos;amd64&apos;, os.version: &apos;10.0&apos;, java.version: &apos;1.8.0_221&apos;&#10;Driver info: org.openqa.selenium.firefox.FirefoxDriver&#10;Capabilities {acceptInsecureCerts: true, browserName: firefox, browserVersion: 92.0, javascriptEnabled: true, moz:accessibilityChecks: false, moz:buildID: 20210903235534, moz:geckodriverVersion: 0.30.0, moz:headless: false, moz:processID: 25468, moz:profile: C:\Users\13135\AppData\Loca..., moz:shutdownTimeout: 60000, moz:useNonSpecCompliantPointerOrigin: false, moz:webdriverClick: true, pageLoadStrategy: normal, platform: WINDOWS, platformName: WINDOWS, platformVersion: 10.0, proxy: Proxy(), setWindowRect: true, strictFileInteractability: false, timeouts: {implicit: 0, pageLoad: 300000, script: 30000}, unhandledPromptBehavior: dismiss and notify}&#10;Session ID: 8de9787d-cfdf-4ca0-b277-0912566faca1&#10;*** Element info: {Using=id, value=userid}" type="org.openqa.selenium.NoSuchElementException">org.openqa.selenium.NoSuchElementException: 
Unable to locate element: #userid
For documentation on this error, please visit: http://seleniumhq.org/exceptions/no_such_element.html
Build info: version: '3.13.0', revision: '2f0d292', time: '2018-06-25T15:24:21.231Z'
System info: host: 'LAPTOP-0SRMIB86', ip: '192.168.72.1', os.name: 'Windows 10', os.arch: 'amd64', os.version: '10.0', java.version: '1.8.0_221'
Driver info: org.openqa.selenium.firefox.FirefoxDriver
Capabilities {acceptInsecureCerts: true, browserName: firefox, browserVersion: 92.0, javascriptEnabled: true, moz:accessibilityChecks: false, moz:buildID: 20210903235534, moz:geckodriverVersion: 0.30.0, moz:headless: false, moz:processID: 25468, moz:profile: C:\Users\13135\AppData\Loca..., moz:shutdownTimeout: 60000, moz:useNonSpecCompliantPointerOrigin: false, moz:webdriverClick: true, pageLoadStrategy: normal, platform: WINDOWS, platformName: WINDOWS, platformVersion: 10.0, proxy: Proxy(), setWindowRect: true, strictFileInteractability: false, timeouts: {implicit: 0, pageLoad: 300000, script: 30000}, unhandledPromptBehavior: dismiss and notify}
Session ID: 8de9787d-cfdf-4ca0-b277-0912566faca1
*** Element info: {Using=id, value=userid}
	at com.ebayTest.HomePageValidation.userBeingAbleToLLogin(HomePageValidation.java:39)
</failure>
    <system-out><![CDATA[Extent Report DirectoryC:\Users\13135\IdeaProjects\WebAutomation_2ndInnings\ebay\target\surefire-reports\html
]]></system-out>
    <system-err><![CDATA[1635186014228	geckodriver	INFO	Listening on 127.0.0.1:19961
1635186014893	mozrunner::runner	INFO	Running command: "C:\\Program Files\\Mozilla Firefox\\firefox.exe" "--marionette" "-no-remote" "-profile" "C:\\Users\\13135\\AppData\\Local\\Temp\\rust_mozprofileRN7B4P"
1635186015509	Marionette	INFO	Marionette enabled
console.warn: SearchSettings: "get: No settings file exists, new profile?" (new NotFoundError("Could not open the file at C:\\Users\\13135\\AppData\\Local\\Temp\\rust_mozprofileRN7B4P\\search.json.mozlz4", (void 0)))
1635186018355	Marionette	INFO	Listening on port 63543
1635186018605	RemoteAgent	WARN	TLS certificate errors will be ignored for this session
Oct 25, 2021 2:20:18 PM org.openqa.selenium.remote.ProtocolHandshake createSession
INFO: Detected dialect: W3C
JavaScript error: , line 0: NetworkError: A network error occurred.
JavaScript error: , line 0: NetworkError: A network error occurred.
]]></system-err>
  </testcase>
  <testcase name="userBeingAbleToLLogin" classname="com.ebayTest.HomePageValidation" time="0">
    <skipped message="Tried to run command without establishing a connection&#10;Build info: version: &apos;3.13.0&apos;, revision: &apos;2f0d292&apos;, time: &apos;2018-06-25T15:24:21.231Z&apos;&#10;System info: host: &apos;LAPTOP-0SRMIB86&apos;, ip: &apos;192.168.72.1&apos;, os.name: &apos;Windows 10&apos;, os.arch: &apos;amd64&apos;, os.version: &apos;10.0&apos;, java.version: &apos;1.8.0_221&apos;&#10;Driver info: org.openqa.selenium.firefox.FirefoxDriver&#10;Capabilities {acceptInsecureCerts: true, browserName: firefox, browserVersion: 92.0, javascriptEnabled: true, moz:accessibilityChecks: false, moz:buildID: 20210903235534, moz:geckodriverVersion: 0.30.0, moz:headless: false, moz:processID: 25468, moz:profile: C:\Users\13135\AppData\Loca..., moz:shutdownTimeout: 60000, moz:useNonSpecCompliantPointerOrigin: false, moz:webdriverClick: true, pageLoadStrategy: normal, platform: WINDOWS, platformName: WINDOWS, platformVersion: 10.0, proxy: Proxy(), setWindowRect: true, strictFileInteractability: false, timeouts: {implicit: 0, pageLoad: 300000, script: 30000}, unhandledPromptBehavior: dismiss and notify}&#10;Session ID: 8de9787d-cfdf-4ca0-b277-0912566faca1"/>
  </testcase>
  <testcase name="userBeingAbleToLLogin" classname="com.ebayTest.HomePageValidation" time="0">
    <skipped message="Tried to run command without establishing a connection&#10;Build info: version: &apos;3.13.0&apos;, revision: &apos;2f0d292&apos;, time: &apos;2018-06-25T15:24:21.231Z&apos;&#10;System info: host: &apos;LAPTOP-0SRMIB86&apos;, ip: &apos;192.168.72.1&apos;, os.name: &apos;Windows 10&apos;, os.arch: &apos;amd64&apos;, os.version: &apos;10.0&apos;, java.version: &apos;1.8.0_221&apos;&#10;Driver info: org.openqa.selenium.firefox.FirefoxDriver&#10;Capabilities {acceptInsecureCerts: true, browserName: firefox, browserVersion: 92.0, javascriptEnabled: true, moz:accessibilityChecks: false, moz:buildID: 20210903235534, moz:geckodriverVersion: 0.30.0, moz:headless: false, moz:processID: 25468, moz:profile: C:\Users\13135\AppData\Loca..., moz:shutdownTimeout: 60000, moz:useNonSpecCompliantPointerOrigin: false, moz:webdriverClick: true, pageLoadStrategy: normal, platform: WINDOWS, platformName: WINDOWS, platformVersion: 10.0, proxy: Proxy(), setWindowRect: true, strictFileInteractability: false, timeouts: {implicit: 0, pageLoad: 300000, script: 30000}, unhandledPromptBehavior: dismiss and notify}&#10;Session ID: 8de9787d-cfdf-4ca0-b277-0912566faca1"/>
  </testcase>
  <testcase name="cleanUp" classname="com.ebayTest.HomePageValidation" time="22.616">
    <failure message="Tried to run command without establishing a connection&#10;Build info: version: &apos;3.13.0&apos;, revision: &apos;2f0d292&apos;, time: &apos;2018-06-25T15:24:21.231Z&apos;&#10;System info: host: &apos;LAPTOP-0SRMIB86&apos;, ip: &apos;192.168.72.1&apos;, os.name: &apos;Windows 10&apos;, os.arch: &apos;amd64&apos;, os.version: &apos;10.0&apos;, java.version: &apos;1.8.0_221&apos;&#10;Driver info: org.openqa.selenium.firefox.FirefoxDriver&#10;Capabilities {acceptInsecureCerts: true, browserName: firefox, browserVersion: 92.0, javascriptEnabled: true, moz:accessibilityChecks: false, moz:buildID: 20210903235534, moz:geckodriverVersion: 0.30.0, moz:headless: false, moz:processID: 25468, moz:profile: C:\Users\13135\AppData\Loca..., moz:shutdownTimeout: 60000, moz:useNonSpecCompliantPointerOrigin: false, moz:webdriverClick: true, pageLoadStrategy: normal, platform: WINDOWS, platformName: WINDOWS, platformVersion: 10.0, proxy: Proxy(), setWindowRect: true, strictFileInteractability: false, timeouts: {implicit: 0, pageLoad: 300000, script: 30000}, unhandledPromptBehavior: dismiss and notify}&#10;Session ID: 8de9787d-cfdf-4ca0-b277-0912566faca1" type="org.openqa.selenium.NoSuchSessionException">org.openqa.selenium.NoSuchSessionException: 
Tried to run command without establishing a connection
Build info: version: '3.13.0', revision: '2f0d292', time: '2018-06-25T15:24:21.231Z'
System info: host: 'LAPTOP-0SRMIB86', ip: '192.168.72.1', os.name: 'Windows 10', os.arch: 'amd64', os.version: '10.0', java.version: '1.8.0_221'
Driver info: org.openqa.selenium.firefox.FirefoxDriver
Capabilities {acceptInsecureCerts: true, browserName: firefox, browserVersion: 92.0, javascriptEnabled: true, moz:accessibilityChecks: false, moz:buildID: 20210903235534, moz:geckodriverVersion: 0.30.0, moz:headless: false, moz:processID: 25468, moz:profile: C:\Users\13135\AppData\Loca..., moz:shutdownTimeout: 60000, moz:useNonSpecCompliantPointerOrigin: false, moz:webdriverClick: true, pageLoadStrategy: normal, platform: WINDOWS, platformName: WINDOWS, platformVersion: 10.0, proxy: Proxy(), setWindowRect: true, strictFileInteractability: false, timeouts: {implicit: 0, pageLoad: 300000, script: 30000}, unhandledPromptBehavior: dismiss and notify}
Session ID: 8de9787d-cfdf-4ca0-b277-0912566faca1
</failure>
    <system-out><![CDATA[Screenshot captured
]]></system-out>
    <system-err><![CDATA[1635186042102	Marionette	INFO	Stopped listening on port 63543
JavaScript error: resource:///modules/Interactions.jsm, line 230: NS_ERROR_FAILURE: Component returned failure code: 0x80004005 (NS_ERROR_FAILURE) [nsIUserIdleService.removeIdleObserver]

###!!! [Parent][RunMessage] Error: Channel closing: too late to send/recv, messages will be lost

]]></system-err>
  </testcase>
  <testcase name="cleanUp" classname="com.ebayTest.HomePageValidation" time="0">
    <skipped/>
  </testcase>
  <testcase name="cleanUp" classname="com.ebayTest.HomePageValidation" time="0">
    <skipped/>
  </testcase>
  <testcase name="setupDriver" classname="com.ebayTest.HomePageValidation" time="0">
    <skipped/>
  </testcase>
  <testcase name="setupDriver" classname="com.ebayTest.HomePageValidation" time="0">
    <skipped/>
  </testcase>
  <testcase name="startExtent" classname="com.ebayTest.HomePageValidation" time="0">
    <skipped/>
  </testcase>
  <testcase name="startExtent" classname="com.ebayTest.HomePageValidation" time="0">
    <skipped/>
  </testcase>
  <testcase name="afterEachTestMethod" classname="com.ebayTest.HomePageValidation" time="0">
    <skipped/>
  </testcase>
  <testcase name="afterEachTestMethod" classname="com.ebayTest.HomePageValidation" time="0">
    <skipped/>
  </testcase>
</testsuite>